7
23
10
1	Gabriel/Joel/Raphael	8102/0	2751/1	0/0	0/0	0/0	0/0	0/0	0/6	0/4	11106/2	3	25559
2	Cassius/Gouveia/Ricardo	15989/0	7687/0	0/0	0/0	0/0	0/0	0/0	10471/5	0/0	0/0	3	40147
3	Atol/Tiago/Natan	12223/0	8486/0	0/7	0/0	0/2	0/0	0/0	0/6	0/0	0/1	2	20709
4	Andre/Ninguem/Gasparzinho	0/0	4982/0	0/0	0/0	0/0	0/0	0/0	0/7	0/0	0/0	1	4982
5	Leonardo/Vinicius/Katague	0/0	0/0	0/0	0/0	0/0	0/0	0/0	0/0	0/0	0/0	0	0
6	Lucas/Sacomoto/César	0/0	0/0	0/0	0/0	0/0	0/0	0/0	0/0	0/0	0/0	0	0
7	Santiago/Ariane/Tobias	0/0	0/0	0/0	0/0	0/0	0/0	0/0	0/0	0/0	0/0	0	0
1	Ricardo	15989/0	7687/0	0/0	0/0	0/0	0/0	0/0	10471/5	0/0	0/0	3	40147
2	Raphael	0/0	2751/1	0/0	0/0	0/0	0/0	0/0	0/0	0/0	11106/2	2	17457
3	Tiago	12223/0	8486/0	0/5	0/0	0/2	0/0	0/0	0/6	0/0	0/0	2	20709
4	Andre	0/0	4982/0	0/0	0/0	0/0	0/0	0/0	0/7	0/0	0/0	1	4982
5	Joel	8102/0	0/0	0/0	0/0	0/0	0/0	0/0	0/6	0/0	0/0	1	8102
6	Ariane	0/0	0/0	0/0	0/0	0/0	0/0	0/0	0/0	0/0	0/0	0	0
7	Atol	0/0	0/0	0/1	0/0	0/0	0/0	0/0	0/0	0/0	0/1	0	0
8	Cassius	0/0	0/0	0/0	0/0	0/0	0/0	0/0	0/0	0/0	0/0	0	0
9	Cesar	0/0	0/0	0/0	0/0	0/0	0/0	0/0	0/0	0/0	0/0	0	0
10	Esdras	0/0	0/0	0/0	0/0	0/0	0/0	0/0	0/0	0/0	0/0	0	0
11	Fabio	0/0	0/0	0/0	0/0	0/0	0/0	0/0	0/0	0/0	0/0	0	0
12	Gabriel	0/0	0/0	0/0	0/0	0/0	0/0	0/0	0/0	0/4	0/0	0	0
13	Gouveia	0/0	0/0	0/0	0/0	0/0	0/0	0/0	0/0	0/0	0/0	0	0
14	Gustavo Akio	0/0	0/0	0/0	0/0	0/0	0/0	0/0	0/0	0/0	0/0	0	0
15	Jesus	0/0	0/0	0/0	0/0	0/0	0/0	0/0	0/0	0/0	0/0	0	0
16	Katague	0/0	0/0	0/0	0/0	0/0	0/0	0/0	0/0	0/0	0/0	0	0
17	Marchetti	0/0	0/0	0/0	0/0	0/0	0/0	0/0	0/0	0/0	0/0	0	0
18	Marcio	0/0	0/0	0/0	0/0	0/0	0/0	0/0	0/0	0/0	0/0	0	0
19	Murilo	0/0	0/1	0/2	0/0	0/0	0/0	0/0	0/0	0/0	0/0	0	0
20	Natan	0/0	0/0	0/1	0/0	0/0	0/0	0/0	0/0	0/0	0/0	0	0
21	Piva	0/0	0/0	0/0	0/0	0/0	0/0	0/0	0/0	0/0	0/0	0	0
22	Santiago	0/0	0/0	0/0	0/0	0/0	0/0	0/0	0/0	0/0	0/0	0	0
23	Tobias	0/0	0/1	0/0	0/0	0/0	0/0	0/0	0/0	0/0	0/0	0	0
