456183 1252009419 20841 4384 CE
456184 1252009500 20841 4384 WA
456185 1252010437 20841 4383 TLE
456186 1252010606 10194 4383 PE
456189 1252010751 10194 4383 AC
456195 1252011623 15164 4384 WA
456197 1252011664 9694 4389 RE
456202 1252011916 9694 4389 RE
456214 1252012982 20396 4383 AC
456217 1252013475 14439 4386 RE
456218 1252013545 14439 4386 WA
456220 1252013797 6414 4390 TLE
456222 1252013942 6414 4390 TLE
456229 1252014620 17224 4384 WA
456237 1252015582 14439 4389 WA
456238 1252015687 9694 4383 AC
456241 1252016102 2157 4382 AC
456243 1252016153 20396 4389 WA
456244 1252016196 20843 4383 TLE
456246 1252016282 9694 4389 OLE
456250 1252016486 14439 4383 AC
456251 1252016494 14439 4389 WA
456253 1252017036 9694 4389 TLE
456254 1252017282 9694 4389 RE
456258 1252017427 10194 4391 TLE
456264 1252018057 10194 4391 TLE
456270 1252018471 9694 4389 AC
456275 1252019106 10194 4391 AC
456277 1252019387 6414 4390 TLE
456281 1252020223 14439 4382 AC
456282 1252020368 2157 4389 WA
456294 1252021468 14439 4389 RE
456295 1252021505 14439 4389 TLE
456296 1252021607 20396 4389 WA
456297 1252021669 2157 4389 WA
456298 1252021900 6414 4390 TLE
456300 1252021990 14439 4389 WA
456313 1252023201 14439 4389 WA
456316 1252023414 20396 4389 WA
456318 1252023477 2157 4389 WA
456320 1252023736 20396 4389 WA
456322 1252023989 9694 4382 AC
456324 1252024204 14439 4384 WA
456325 1252024211 20396 4389 WA
456331 1252024886 14439 4384 WA
456336 1252025205 14439 4384 WA
456342 1252025610 14439 4384 WA
456343 1252025644 20396 4389 WA
456346 1252025864 20396 4389 WA
456347 1252025969 2157 4389 WA
456348 1252025990 2157 4389 WA
456349 1252026007 2157 4389 WA
456350 1252026015 17224 4391 TLE
456358 1252026278 14439 4384 TLE
