7
24
2
1	Andre/Ninguem/Gasparzinho	0/0	0/0	0	0
2	Atol/Tiago/Natan	0/0	0/0	0	0
3	Cassius/Gouveia/Ricardo	0/0	0/0	0	0
4	Gabriel/Joel/Raphael	0/0	0/0	0	0
5	Leonardo/Vinicius/Katague	0/0	0/0	0	0
6	Lucas/Sacomoto/César	0/0	0/0	0	0
7	Santiago/Ariane/Tobias	0/0	0/0	0	0
1	Gabriel	0/2	6885/0	1	6885
2	Andre	0/0	0/0	0	0
3	Ariane	0/0	0/0	0	0
4	Atol	0/0	0/0	0	0
5	Cassius	0/0	0/0	0	0
6	Cesar	0/0	0/0	0	0
7	Esdras	0/0	0/0	0	0
8	Fabio	0/0	0/0	0	0
9	Gouveia	0/0	0/0	0	0
10	Gustavo Akio	0/0	0/0	0	0
11	Jesus	0/0	0/0	0	0
12	Joel	0/0	0/0	0	0
13	Katague	0/0	0/0	0	0
14	Marchetti	0/0	0/0	0	0
15	Marcio	0/0	0/0	0	0
16	Murilo	0/0	0/0	0	0
17	Natan	0/0	0/0	0	0
18	Piva	0/0	0/0	0	0
19	Raphael	0/0	0/0	0	0
20	Ricardo	0/0	0/0	0	0
21	Santiago	0/0	0/0	0	0
22	Tiago	0/0	0/0	0	0
23	Tobias	0/0	0/0	0	0
24	Vinicius	0/0	0/0	0	0
