7
24
9
1	Gabriel/Joel/Raphael	0/6	1702/0	0/2	15516/0	0/0	0/0	0/4	11380/5	2205/0	4	36803
2	Atol/Tiago/Natan	0/0	4092/1	0/7	0/0	0/5	0/0	0/0	0/0	3309/1	2	9801
3	Santiago/Ariane/Tobias	0/2	5617/7	0/0	0/0	0/0	0/0	0/0	0/0	8641/0	2	22658
4	Andre/Ninguem/Gasparzinho	0/0	0/0	0/0	0/0	0/0	0/0	0/0	0/0	0/0	0	0
5	Cassius/Gouveia/Ricardo	0/0	0/0	0/0	0/0	0/0	0/0	0/0	0/0	0/0	0	0
6	Leonardo/Vinicius/Katague	0/0	0/0	0/0	0/0	0/0	0/0	0/0	0/0	0/0	0	0
7	Lucas/Sacomoto/César	0/0	0/0	0/0	0/0	0/0	0/0	0/0	0/0	0/0	0	0
1	Jesus	0/0	240/0	0/0	0/0	0/0	17741/0	0/0	5558/0	14739/0	4	38278
2	Tiago	0/0	4092/1	0/7	0/0	0/5	0/0	0/0	0/0	3309/1	2	9801
3	Gabriel	0/1	1702/0	0/2	15516/0	0/0	0/0	0/4	0/0	0/0	2	17218
4	Joel	0/5	0/0	0/0	0/0	0/0	0/0	0/0	11380/5	2205/0	2	19585
5	Santiago	0/2	5617/7	0/0	0/0	0/0	0/0	0/0	0/0	8641/0	2	22658
6	Andre	0/0	0/0	0/0	0/0	0/0	0/0	0/0	0/0	0/0	0	0
7	Ariane	0/0	0/0	0/0	0/0	0/0	0/0	0/0	0/0	0/0	0	0
8	Atol	0/0	0/0	0/0	0/0	0/0	0/0	0/0	0/0	0/0	0	0
9	Cassius	0/0	0/0	0/0	0/0	0/0	0/0	0/0	0/0	0/0	0	0
10	Cesar	0/0	0/0	0/0	0/0	0/0	0/0	0/0	0/0	0/0	0	0
11	Esdras	0/0	0/0	0/0	0/0	0/0	0/0	0/0	0/0	0/0	0	0
12	Fabio	0/0	0/0	0/0	0/0	0/0	0/0	0/0	0/0	0/0	0	0
13	Gouveia	0/0	0/0	0/0	0/0	0/0	0/0	0/0	0/0	0/0	0	0
14	Gustavo Akio	0/0	0/0	0/0	0/0	0/0	0/0	0/0	0/0	0/0	0	0
15	Katague	0/0	0/0	0/0	0/0	0/0	0/0	0/0	0/0	0/0	0	0
16	Marchetti	0/0	0/0	0/0	0/0	0/0	0/0	0/0	0/0	0/0	0	0
17	Marcio	0/0	0/0	0/0	0/0	0/0	0/0	0/0	0/0	0/0	0	0
18	Murilo	0/0	0/0	0/0	0/0	0/0	0/0	0/0	0/0	0/0	0	0
19	Natan	0/0	0/0	0/0	0/0	0/0	0/0	0/0	0/0	0/0	0	0
20	Piva	0/0	0/0	0/0	0/0	0/0	0/0	0/0	0/0	0/0	0	0
21	Raphael	0/0	0/0	0/0	0/0	0/0	0/0	0/0	0/0	0/0	0	0
22	Ricardo	0/0	0/0	0/0	0/0	0/0	0/0	0/0	0/0	0/0	0	0
23	Tobias	0/0	0/0	0/0	0/0	0/0	0/0	0/0	0/0	0/0	0	0
24	Vinicius	0/0	0/0	0/0	0/0	0/0	0/0	0/0	0/0	0/0	0	0
