468982 1253822640 13646 3831 AC
468988 1253823461 13646 3831 CE
468996 1253824102 6414 3831 AC
468997 1253824605 2157 3838 AC
468998 1253824624 2157 3838 AC
468999 1253824732 2157 3838 AC
469000 1253824749 2157 3838 AC
469001 1253825102 14439 3838 RE
469006 1253825709 14439 3838 AC
469012 1253826294 14439 3831 RE
469014 1253826492 14439 3831 AC
469017 1253826601 2157 3837 WA
469022 1253826884 2157 3837 WA
469023 1253826891 2157 3837 WA
469024 1253826899 20843 3831 MLE
469025 1253826925 20843 3831 TLE
469026 1253826960 2157 3838 AC
469030 1253827354 14439 3832 WA
469032 1253827393 20843 3831 WA
469035 1253827484 20843 3831 MLE
469037 1253827525 20843 3831 MLE
469039 1253827546 20843 3831 WA
469040 1253827568 20843 3831 WA
469047 1253827720 14439 3832 WA
469051 1253827944 14439 3832 WA
469052 1253827958 13646 3837 AC
469053 1253828017 20843 3831 AC
469122 1253829780 6414 3830 WA
469142 1253830635 14439 3832 WA
469145 1253831041 20843 3838 AC
469147 1253831458 20843 3838 AC
469151 1253832294 14439 3832 WA
469152 1253832375 6414 3836 MLE
469153 1253832418 6414 3836 WA
469154 1253832465 6414 3836 WA
469157 1253833186 14439 3832 WA
469158 1253833188 14439 3832 WA
469161 1253833669 2157 3837 WA
469162 1253833720 2157 3837 WA
469163 1253833780 2157 3837 AC
469165 1253835052 2157 3830 TLE
469166 1253835102 2157 3830 WA
469168 1253835273 6414 3836 WA
469169 1253835517 2157 3830 WA
469170 1253835659 2157 3830 WA
469172 1253835810 2157 3830 WA
469176 1253837139 13646 3838 AC
469180 1253837459 13646 3838 PE
469185 1253837916 6414 3833 AC
469188 1253838244 14439 3834 TLE
469189 1253838276 14439 3834 TLE
469191 1253838313 14439 3834 TLE
469193 1253838356 14439 3834 TLE
469196 1253838539 6414 3832 WA
469197 1253838653 6414 3832 TLE
469201 1253839603 20843 3830 WA
469205 1253840141 13646 3835 AC
469214 1253840713 20843 3830 WA
469216 1253840941 14439 3834 TLE
