7
24
9
1	Gabriel/Joel/Raphael	2919/0	0/0	18710/9	0/0	7859/3	0/0	0/7	0/0	14862/4	4	63550
2	Atol/Tiago/Natan	3107/0	0/0	0/4	0/0	0/2	0/0	0/0	0/0	0/0	1	3107
3	Lucas/Sacomoto/César	3267/1	0/0	0/0	0/0	0/0	0/0	0/0	0/0	0/4	1	4467
4	Leonardo/Vinicius/Katague	4763/0	0/0	0/0	0/0	0/0	0/0	0/0	0/0	0/0	1	4763
5	Andre/Ninguem/Gasparzinho	0/0	0/0	0/0	0/0	0/0	0/0	0/0	0/0	0/0	0	0
6	Cassius/Gouveia/Ricardo	0/0	0/0	0/0	0/0	0/0	0/0	0/0	0/0	0/0	0	0
7	Santiago/Ariane/Tobias	0/0	0/0	0/0	0/0	0/0	0/0	0/0	0/0	0/0	0	0
1	Raphael	0/0	0/0	0/0	0/0	7859/3	0/0	0/0	0/0	14862/2	2	28721
2	Joel	2919/0	0/0	18710/9	0/0	0/0	0/0	0/0	0/0	0/0	2	32429
3	Natan	3107/0	0/0	0/0	0/0	0/0	0/0	0/0	0/0	0/0	1	3107
4	Piva	3267/1	0/0	0/0	0/0	0/0	0/0	0/0	0/0	0/3	1	4467
5	Marchetti	4763/0	0/0	0/0	0/0	0/0	0/0	0/0	0/0	0/0	1	4763
6	Andre	0/0	0/0	0/0	0/0	0/0	0/0	0/0	0/0	0/0	0	0
7	Ariane	0/0	0/0	0/0	0/0	0/0	0/0	0/0	0/0	0/0	0	0
8	Atol	0/0	0/0	0/4	0/0	0/0	0/0	0/0	0/0	0/0	0	0
9	Cassius	0/0	0/0	0/0	0/0	0/0	0/0	0/0	0/0	0/0	0	0
10	Cesar	0/0	0/0	0/0	0/0	0/0	0/0	0/0	0/0	0/0	0	0
11	Esdras	0/0	0/0	0/0	0/0	0/0	0/0	0/0	0/0	0/0	0	0
12	Fabio	0/0	0/0	0/0	0/0	0/0	0/0	0/0	0/0	0/0	0	0
13	Gabriel	0/0	0/0	0/0	0/0	0/0	0/0	0/7	0/0	0/2	0	0
14	Gouveia	0/0	0/0	0/0	0/0	0/0	0/0	0/0	0/0	0/0	0	0
15	Gustavo Akio	0/0	0/0	0/0	0/0	0/0	0/0	0/0	0/0	0/1	0	0
16	Jesus	0/0	0/0	0/0	0/0	0/0	0/0	0/0	0/0	0/0	0	0
17	Katague	0/0	0/0	0/0	0/0	0/0	0/0	0/0	0/0	0/0	0	0
18	Marcio	0/0	0/0	0/0	0/0	0/0	0/0	0/0	0/0	0/0	0	0
19	Murilo	0/0	0/0	0/0	0/0	0/0	0/0	0/0	0/0	0/0	0	0
20	Ricardo	0/0	0/0	0/0	0/0	0/0	0/0	0/0	0/0	0/0	0	0
21	Santiago	0/0	0/0	0/0	0/0	0/0	0/0	0/0	0/0	0/0	0	0
22	Tiago	0/0	0/0	0/0	0/0	0/2	0/0	0/0	0/0	0/0	0	0
23	Tobias	0/0	0/0	0/0	0/0	0/0	0/0	0/0	0/0	0/0	0	0
24	Vinicius	0/0	0/0	0/0	0/0	0/0	0/0	0/0	0/0	0/0	0	0
