462141 1252606119 2157 2922 AC
462142 1252606307 15164 2922 AC
462143 1252606351 15848 2922 PE
462144 1252606467 15848 2922 AC
462148 1252606944 6414 2930 WA
462158 1252607963 20981 2922 AC
462159 1252608132 17224 2924 MLE
462163 1252608748 17224 2924 MLE
462165 1252608995 17224 2924 TLE
462168 1252609477 6414 2930 WA
462169 1252609534 17224 2924 TLE
462176 1252610235 10194 2947 WA
462180 1252610546 10194 2947 RE
462182 1252610974 10194 2947 PE
462184 1252611059 10194 2947 AC
462190 1252613210 2157 2924 TLE
462192 1252613485 2157 2924 TLE
462198 1252613993 15848 2930 WA
462199 1252614178 2157 2924 TLE
462201 1252614713 2157 2924 MLE
462202 1252614813 2157 2924 MLE
462203 1252615128 2157 2924 MLE
462204 1252615173 2157 2924 TLE
462205 1252615310 2157 2924 RE
462215 1252615577 2157 2924 TLE
462218 1252615734 15848 2930 TLE
462219 1252615851 15848 2930 WA
462222 1252617624 10194 2930 WA
462225 1252618006 10194 2930 PE
462226 1252618062 10194 2930 AC
462239 1252619714 6414 2928 CE
462240 1252619718 6414 2928 WA
462242 1252620191 20984 2930 WA
462243 1252620440 6414 2928 WA
462244 1252621002 14439 2947 WA
462245 1252621097 14439 2947 WA
462250 1252621910 2157 2924 AC
462251 1252622204 6414 2928 WA
462252 1252622249 6414 2928 WA
462253 1252622269 6414 2928 WA
462255 1252622378 6414 2928 WA
