7
24
9
1	Gabriel/Joel/Raphael	2117/3	0/10	4619/0	0/0	4574/0	0/0	23541/4	0/0	2809/0	5	46060
2	Atol/Tiago/Natan	11586/0	0/0	16328/0	0/0	12708/0	0/0	18510/1	0/0	14258/0	5	74590
3	Cassius/Gouveia/Ricardo	10713/0	0/0	15521/0	0/0	7820/0	0/0	0/0	0/0	9074/0	4	43128
4	Andre/Ninguem/Gasparzinho	7570/0	0/0	0/0	0/0	9770/0	0/3	0/0	0/0	11555/4	3	33695
5	Leonardo/Vinicius/Katague	0/0	0/0	0/0	0/0	0/0	0/0	0/0	0/0	0/0	0	0
6	Lucas/Sacomoto/César	0/1	0/0	0/0	0/0	0/0	0/0	0/0	0/0	0/0	0	0
7	Santiago/Ariane/Tobias	0/0	0/0	0/0	0/0	0/0	0/0	0/0	0/0	0/0	0	0
1	Atol	11586/0	0/0	16328/0	0/0	12708/0	0/0	18510/1	0/0	14258/0	5	74590
2	Ricardo	10713/0	0/0	15521/0	0/0	7820/0	0/0	0/0	0/0	9074/0	4	43128
3	Andre	7570/0	0/0	0/0	0/0	9770/0	0/3	0/0	0/0	11555/4	3	33695
4	Joel	2117/3	0/3	0/0	0/0	4574/0	0/0	0/0	0/0	0/0	2	10291
5	Raphael	0/0	0/7	0/0	0/0	0/0	0/0	23541/4	0/0	2809/0	2	31150
6	Gabriel	0/0	0/0	4619/0	0/0	0/0	0/0	0/0	0/0	0/0	1	4619
7	Murilo	0/0	0/0	0/0	0/0	22991/0	0/0	0/0	0/0	0/0	1	22991
8	Ariane	0/0	0/0	0/0	0/0	0/0	0/0	0/0	0/0	0/0	0	0
9	Cassius	0/0	0/0	0/0	0/0	0/0	0/0	0/0	0/0	0/0	0	0
10	Cesar	0/0	0/0	0/0	0/0	0/0	0/0	0/0	0/0	0/0	0	0
11	Esdras	0/0	0/0	0/0	0/0	0/0	0/0	0/0	0/0	0/0	0	0
12	Fabio	0/0	0/0	0/0	0/0	0/0	0/0	0/0	0/0	0/0	0	0
13	Gouveia	0/0	0/0	0/0	0/0	0/0	0/0	0/0	0/0	0/0	0	0
14	Gustavo Akio	0/0	0/0	0/0	0/0	0/0	0/0	0/0	0/0	0/0	0	0
15	Jesus	0/0	0/0	0/0	0/0	0/0	0/0	0/0	0/0	0/0	0	0
16	Katague	0/0	0/0	0/0	0/0	0/0	0/0	0/0	0/0	0/0	0	0
17	Marchetti	0/0	0/0	0/0	0/0	0/0	0/0	0/0	0/0	0/0	0	0
18	Marcio	0/0	0/0	0/0	0/0	0/0	0/0	0/0	0/0	0/0	0	0
19	Natan	0/0	0/0	0/0	0/0	0/0	0/0	0/0	0/0	0/0	0	0
20	Piva	0/1	0/0	0/0	0/0	0/0	0/0	0/0	0/0	0/0	0	0
21	Santiago	0/0	0/0	0/0	0/0	0/0	0/0	0/0	0/0	0/0	0	0
22	Tiago	0/0	0/0	0/0	0/0	0/0	0/0	0/0	0/0	0/0	0	0
23	Tobias	0/2	0/0	0/0	0/0	0/0	0/0	0/0	0/0	0/0	0	0
24	Vinicius	0/0	0/0	0/0	0/0	0/0	0/0	0/0	0/0	0/0	0	0
