466147 1253207710 2157 4183 WA
466177 1253216679 2157 4183 WA
466182 1253216609 2157 4183 WA
466183 1253217409 10194 4191 AC
466186 1253216717 2157 4183 AC
466191 1253217268 10194 4191 AC
466193 1253219174 2157 4187 AC
466195 1253219219 6414 4185 AC
466208 1253222170 20396 4183 AC
466212 1253222420 9694 4187 AC
466214 1253223421 20396 4191 WA
466215 1253223674 9694 4191 AC
466216 1253224370 20396 4187 AC
466217 1253224891 20396 4191 CE
466218 1253225159 20396 4191 WA
466219 1253225313 9694 4183 AC
466220 1253225842 10194 4184 TLE
466221 1253225949 20396 4191 WA
466222 1253226155 20396 4191 AC
466223 1253226186 17224 4183 AC
466234 1253227308 17224 4187 AC
466238 1253228858 17224 4191 AC
466239 1253229470 10194 4189 TLE
466243 1253230121 9694 4185 AC
466244 1253230125 2157 4184 TLE
466246 1253230241 2157 4184 TLE
466248 1253230674 2157 4184 TLE
466250 1253230928 17224 4185 AC
466256 1253232421 17224 4189 TLE
466257 1253232641 20396 4188 WA
466258 1253232709 20396 4188 WA
466259 1253232778 20396 4188 WA
466260 1253233110 17224 4189 AC
466263 1253233910 20843 4183 WA
466264 1253233983 20843 4183 WA
466274 1253235745 10194 4189 TLE
466281 1253236459 10194 4189 WA
466284 1253237591 20841 4187 AC
466285 1253237684 10194 4189 WA
466287 1253238141 10194 4189 AC
466297 1253240783 10194 4184 RE
466302 1253241405 10194 4189 AC
466303 1253241428 10194 4189 AC
466304 1253241453 10194 4184 MLE
466305 1253241497 10194 4184 MLE
466308 1253241575 10194 4184 MLE
466309 1253241637 10194 4189 AC
466310 1253241650 10194 4184 RE
466311 1253241710 10194 4184 TLE
466314 1253242145 15848 4183 WA
