7
24
10
1	Gabriel/Joel/Raphael	14789/4	0/0	7213/1	0/0	6756/1	0/5	0/0	14936/6	0/3	0/0	4	58094
2	Leonardo/Vinicius/Katague	0/0	0/0	5294/0	0/0	4228/0	0/0	0/0	0/0	0/0	0/0	2	9522
3	Atol/Tiago/Natan	0/0	0/0	3223/1	0/0	5873/0	0/0	0/0	0/0	0/5	0/0	2	10296
4	Santiago/Ariane/Tobias	0/0	0/0	7955/2	0/0	0/3	0/0	0/0	0/0	0/0	0/0	1	10355
5	Andre/Ninguem/Gasparzinho	0/0	0/0	0/0	0/0	0/0	0/0	0/0	0/0	0/0	0/0	0	0
6	Cassius/Gouveia/Ricardo	0/0	0/0	0/0	0/0	0/0	0/0	0/0	0/0	0/0	0/0	0	0
7	Lucas/Sacomoto/César	0/0	0/0	0/0	0/0	0/0	0/0	0/0	0/0	0/0	0/0	0	0
1	Marchetti	0/0	0/0	5294/0	0/0	4228/0	0/0	0/0	0/0	0/0	0/0	2	9522
2	Tiago	0/0	0/0	3223/1	0/0	5873/0	0/0	0/0	0/0	0/5	0/0	2	10296
3	Murilo	0/0	0/0	7325/0	0/0	14193/1	0/0	0/0	0/0	0/0	0/0	2	22718
4	Joel	14789/4	0/0	7213/1	0/0	0/0	0/0	0/0	0/0	0/0	0/0	2	28002
5	Raphael	0/0	0/0	0/0	0/0	6756/1	0/5	0/0	0/0	0/0	0/0	1	7956
6	Santiago	0/0	0/0	7955/2	0/0	0/3	0/0	0/0	0/0	0/0	0/0	1	10355
7	Gabriel	0/0	0/0	0/0	0/0	0/0	0/0	0/0	14936/6	0/3	0/0	1	22136
8	Andre	0/0	0/0	0/0	0/0	0/0	0/0	0/0	0/0	0/0	0/0	0	0
9	Ariane	0/0	0/0	0/0	0/0	0/0	0/0	0/0	0/0	0/0	0/0	0	0
10	Atol	0/0	0/0	0/0	0/0	0/0	0/0	0/0	0/0	0/0	0/0	0	0
11	Cassius	0/0	0/0	0/0	0/0	0/0	0/0	0/0	0/0	0/0	0/0	0	0
12	Cesar	0/0	0/0	0/0	0/0	0/0	0/0	0/0	0/0	0/0	0/0	0	0
13	Esdras	0/0	0/0	0/0	0/0	0/0	0/0	0/0	0/0	0/0	0/0	0	0
14	Fabio	0/0	0/0	0/0	0/0	0/0	0/0	0/0	0/0	0/0	0/0	0	0
15	Gouveia	0/0	0/0	0/0	0/0	0/0	0/0	0/0	0/0	0/0	0/0	0	0
16	Gustavo Akio	0/0	0/0	0/0	0/0	0/0	0/0	0/0	0/0	0/0	0/0	0	0
17	Jesus	0/0	0/0	0/0	0/0	0/0	0/0	0/0	0/0	0/0	0/0	0	0
18	Katague	0/0	0/0	0/0	0/0	0/0	0/0	0/0	0/0	0/0	0/0	0	0
19	Marcio	0/0	0/0	0/0	0/0	0/0	0/0	0/0	0/0	0/0	0/0	0	0
20	Natan	0/0	0/0	0/0	0/0	0/0	0/0	0/0	0/0	0/0	0/0	0	0
21	Piva	0/0	0/0	0/0	0/0	0/0	0/0	0/0	0/0	0/0	0/0	0	0
22	Ricardo	0/0	0/0	0/0	0/0	0/0	0/0	0/0	0/0	0/0	0/0	0	0
23	Tobias	0/0	0/0	0/0	0/0	0/0	0/0	0/0	0/0	0/0	0/0	0	0
24	Vinicius	0/0	0/0	0/0	0/0	0/0	0/0	0/0	0/0	0/0	0/0	0	0
