504403 1257447084 14439 4324 WA
504404 1257450823 14439 4324 AC
504405 1257451828 20981 4326 AC
504412 1257451935 6414 4330 WA
504414 1257452458 2157 4324 WA
504418 1257452786 20843 4324 WA
504425 1257452894 20981 4324 AC
504435 1257453473 14439 4326 AC
504436 1257453782 20843 4324 WA
504439 1257454163 10194 4326 RE
504443 1257454356 10194 4326 AC
504446 1257454520 6414 4330 WA
504450 1257454813 2157 4324 AC
504453 1257454925 20841 4324 AC
504454 1257455187 2157 4322 WA
504462 1257455555 20843 4324 AC
504463 1257455570 6414 4330 CE
504474 1257456547 2157 4322 RE
504477 1257457615 14439 4330 CE
504479 1257457721 14439 4330 WA
504483 1257458976 14439 4330 WA
504484 1257459063 14439 4330 WA
504485 1257459159 6414 4329 WA
504487 1257459604 6414 4329 WA
504488 1257459639 6414 4329 WA
504489 1257459774 14439 4330 WA
504490 1257459794 6414 4329 WA
504491 1257460165 6414 4329 WA
504492 1257460454 10194 4327 TLE
504494 1257460920 6414 4329 WA
504495 1257460971 2157 4322 RE
504497 1257461373 20843 4326 WA
504500 1257461721 20841 4326 PE
504502 1257461793 20841 4326 AC
504505 1257462137 2157 4322 WA
504512 1257462389 2157 4322 AC
504514 1257462536 6414 4329 AC
504515 1257462797 20843 4326 WA
504516 1257462851 20843 4326 WA
504520 1257463196 10194 4327 CE
504522 1257463337 10194 4327 CE
504535 1257464726 10194 4327 RE
504540 1257465021 10194 4327 RE
